[2024-08-12 19:55:24] [ ERROR] [OdontologoServiceTest:33] Syntax error in SQL statement "\000a\000aCREATE TABLE ODONTOLOGOS (\000aID INT AUTO_INCREMENT PRIMARY KEY,\000aNUMEROMATRICULA INT NOT NULL,\000aNOMBRE VARCHAR(50) NOT NULL,\000aAPELLIDO VARCHAR(50) NOT NULL,\000a[*])"; expected "identifier"; SQL statement:


CREATE TABLE ODONTOLOGOS (
ID INT AUTO_INCREMENT PRIMARY KEY,
NUMEROMATRICULA INT NOT NULL,
NOMBRE VARCHAR(50) NOT NULL,
APELLIDO VARCHAR(50) NOT NULL,
) [42001-230]
[2024-08-12 19:57:48] [ ERROR] [OdontologoServiceTest:33] Syntax error in SQL statement "\000a\000aCREATE TABLE ODONTOLOGOS (\000aID INT AUTO_INCREMENT PRIMARY KEY,\000aNUMEROMATRICULA INT NOT NULL,\000aNOMBRE VARCHAR(50) NOT NULL,\000aAPELLIDO VARCHAR(50) NOT NULL,\000a[*])"; expected "identifier"; SQL statement:


CREATE TABLE ODONTOLOGOS (
ID INT AUTO_INCREMENT PRIMARY KEY,
NUMEROMATRICULA INT NOT NULL,
NOMBRE VARCHAR(50) NOT NULL,
APELLIDO VARCHAR(50) NOT NULL,
) [42001-230]
[2024-08-12 20:00:21] [ ERROR] [OdontologoServiceTest:34] Syntax error in SQL statement "\000a\000aCREATE TABLE ODONTOLOGOS (\000aID INT AUTO_INCREMENT PRIMARY KEY,\000aNUMEROMATRICULA INT NOT NULL,\000aNOMBRE VARCHAR(50) NOT NULL,\000aAPELLIDO VARCHAR(50) NOT NULL,\000a[*])"; expected "identifier"; SQL statement:


CREATE TABLE ODONTOLOGOS (
ID INT AUTO_INCREMENT PRIMARY KEY,
NUMEROMATRICULA INT NOT NULL,
NOMBRE VARCHAR(50) NOT NULL,
APELLIDO VARCHAR(50) NOT NULL,
) [42001-230]
[2024-08-12 20:02:46] [ ERROR] [OdontologoServiceTest:34] Syntax error in SQL statement "\000a\000aCREATE TABLE ODONTOLOGOS (\000aID INT AUTO_INCREMENT PRIMARY KEY,\000aNUMEROMATRICULA INT NOT NULL,\000aNOMBRE VARCHAR(50) NOT NULL,\000aAPELLIDO VARCHAR(50) NOT NULL,\000a[*])"; expected "identifier"; SQL statement:


CREATE TABLE ODONTOLOGOS (
ID INT AUTO_INCREMENT PRIMARY KEY,
NUMEROMATRICULA INT NOT NULL,
NOMBRE VARCHAR(50) NOT NULL,
APELLIDO VARCHAR(50) NOT NULL,
) [42001-230]
[2024-08-12 20:05:17] [ ERROR] [OdontologoServiceTest:34] Syntax error in SQL statement "\000a\000aCREATE TABLE ODONTOLOGOS (\000aID INT AUTO_INCREMENT PRIMARY KEY,\000aNUMEROMATRICULA INT NOT NULL,\000aNOMBRE VARCHAR(50) NOT NULL,\000aAPELLIDO VARCHAR(50) NOT NULL,\000a[*])"; expected "identifier"; SQL statement:


CREATE TABLE ODONTOLOGOS (
ID INT AUTO_INCREMENT PRIMARY KEY,
NUMEROMATRICULA INT NOT NULL,
NOMBRE VARCHAR(50) NOT NULL,
APELLIDO VARCHAR(50) NOT NULL,
) [42001-230]
[2024-08-12 20:07:34] [ INFO ] [OdontologoServiceTest:30] Se ha creado la tabla
[2024-08-12 20:07:34] [ INFO ] [DaoH2:76] Odontologo recuperado de DB Odontologo{id=1, numeroMatricula=202020, nombre='JUAN', apellido='PEREZ'}
[2024-08-12 20:07:34] [ INFO ] [DaoH2:76] Odontologo recuperado de DB Odontologo{id=2, numeroMatricula=303030, nombre='JUANA', apellido='DELGADO'}
[2024-08-12 20:07:34] [ INFO ] [DaoH2:76] Odontologo recuperado de DB Odontologo{id=3, numeroMatricula=404040, nombre='PEPITO', apellido='PEREZ'}
[2024-08-12 20:10:17] [ INFO ] [OdontologoServiceTest:30] Se ha creado la tabla
[2024-08-12 20:10:17] [ INFO ] [DaoH2:76] Odontologo recuperado de DB Odontologo{id=1, numeroMatricula=202020, nombre='JUAN', apellido='PEREZ'}
[2024-08-12 20:10:17] [ INFO ] [DaoH2:76] Odontologo recuperado de DB Odontologo{id=2, numeroMatricula=303030, nombre='JUANA', apellido='DELGADO'}
[2024-08-12 20:10:17] [ INFO ] [DaoH2:76] Odontologo recuperado de DB Odontologo{id=3, numeroMatricula=404040, nombre='PEPITO', apellido='PEREZ'}
